0 info it worked if it ends with ok
1 verbose cli [ '/usr/local/Cellar/node/5.5.0/bin/node',
1 verbose cli   '/usr/local/bin/npm',
1 verbose cli   'start' ]
2 info using npm@3.5.3
3 info using node@v5.5.0
4 verbose run-script [ 'prestart', 'start', 'poststart' ]
5 info lifecycle vacomall@0.0.1~prestart: vacomall@0.0.1
6 silly lifecycle vacomall@0.0.1~prestart: no script for prestart, continuing
7 info lifecycle vacomall@0.0.1~start: vacomall@0.0.1
8 verbose lifecycle vacomall@0.0.1~start: unsafe-perm in lifecycle true
9 verbose lifecycle vacomall@0.0.1~start: PATH: /usr/local/lib/node_modules/npm/bin/node-gyp-bin:/Users/renyubin/reactProject/vacomall/node_modules/.bin:/Users/renyubin/develope/apache-maven-3.3.9/bin:/usr/local/bin:/usr/bin:/bin:/usr/sbin:/sbin:/usr/local/Cellar/android-sdk/24.4.1_1/tools
10 verbose lifecycle vacomall@0.0.1~start: CWD: /Users/renyubin/reactProject/vacomall
11 silly lifecycle vacomall@0.0.1~start: Args: [ '-c',
11 silly lifecycle   'node node_modules/react-native/local-cli/cli.js start' ]
12 silly lifecycle vacomall@0.0.1~start: Returned: code: 1  signal: null
13 info lifecycle vacomall@0.0.1~start: Failed to exec start script
14 verbose stack Error: vacomall@0.0.1 start: `node node_modules/react-native/local-cli/cli.js start`
14 verbose stack Exit status 1
14 verbose stack     at EventEmitter.<anonymous> (/usr/local/lib/node_modules/npm/lib/utils/lifecycle.js:232:16)
14 verbose stack     at emitTwo (events.js:100:13)
14 verbose stack     at EventEmitter.emit (events.js:185:7)
14 verbose stack     at ChildProcess.<anonymous> (/usr/local/lib/node_modules/npm/lib/utils/spawn.js:24:14)
14 verbose stack     at emitTwo (events.js:100:13)
14 verbose stack     at ChildProcess.emit (events.js:185:7)
14 verbose stack     at maybeClose (internal/child_process.js:821:16)
14 verbose stack     at Process.ChildProcess._handle.onexit (internal/child_process.js:211:5)
15 verbose pkgid vacomall@0.0.1
16 verbose cwd /Users/renyubin/reactProject/vacomall/android
17 error Darwin 15.3.0
18 error argv "/usr/local/Cellar/node/5.5.0/bin/node" "/usr/local/bin/npm" "start"
19 error node v5.5.0
20 error npm  v3.5.3
21 error code ELIFECYCLE
22 error vacomall@0.0.1 start: `node node_modules/react-native/local-cli/cli.js start`
22 error Exit status 1
23 error Failed at the vacomall@0.0.1 start script 'node node_modules/react-native/local-cli/cli.js start'.
23 error Make sure you have the latest version of node.js and npm installed.
23 error If you do, this is most likely a problem with the vacomall package,
23 error not with npm itself.
23 error Tell the author that this fails on your system:
23 error     node node_modules/react-native/local-cli/cli.js start
23 error You can get information on how to open an issue for this project with:
23 error     npm bugs vacomall
23 error Or if that isn't available, you can get their info via:
23 error     npm owner ls vacomall
23 error There is likely additional logging output above.
24 verbose exit [ 1, true ]
